<?xml version="1.0" encoding="UTF-8"?>
<!-- Generated by org.testng.reporters.JUnitReportReporter -->
<testsuite skipped="0" hostname="LAPTOP-JIBR9C35" name="com.Jenkins__Git.Demo" tests="2" failures="0" timestamp="12 Sep 2020 16:02:57 GMT" time="116.376" errors="0">
  <testcase name="logintest" time="74.470" classname="com.Jenkins__Git.Demo"/>
  <testcase name="imagetest0" time="41.906" classname="com.Jenkins__Git.Demo"/>
</testsuite> <!-- com.Jenkins__Git.Demo -->
